<?xml version="1.0" encoding="UTF-8"?>
<testsuite xmlns:xsi="http://www.w3.org/2001/XMLSchema-instance" xsi:noNamespaceSchemaLocation="https://maven.apache.org/surefire/maven-surefire-plugin/xsd/surefire-test-report.xsd" name="com.infinite.dmj_data.AppTest" time="0.005" tests="1" errors="0" skipped="0" failures="0">
  <properties>
    <property name="sun.desktop" value="windows"/>
    <property name="awt.toolkit" value="sun.awt.windows.WToolkit"/>
    <property name="file.encoding.pkg" value="sun.io"/>
    <property name="java.specification.version" value="1.8"/>
    <property name="sun.cpu.isalist" value="amd64"/>
    <property name="sun.jnu.encoding" value="GBK"/>
    <property name="java.class.path" value="F:\workspace\dmj_data\target\test-classes;F:\workspace\dmj_data\target\classes;E:\Maven\apache-maven-3.5.0-bin\apache-maven-3.5.0\repo\org\apache\httpcomponents\httpclient\4.5.5\httpclient-4.5.5.jar;E:\Maven\apache-maven-3.5.0-bin\apache-maven-3.5.0\repo\org\apache\httpcomponents\httpcore\4.4.9\httpcore-4.4.9.jar;E:\Maven\apache-maven-3.5.0-bin\apache-maven-3.5.0\repo\commons-codec\commons-codec\1.11\commons-codec-1.11.jar;E:\Maven\apache-maven-3.5.0-bin\apache-maven-3.5.0\repo\org\springframework\boot\spring-boot-starter-web\2.0.1.RELEASE\spring-boot-starter-web-2.0.1.RELEASE.jar;E:\Maven\apache-maven-3.5.0-bin\apache-maven-3.5.0\repo\org\springframework\boot\spring-boot-starter\2.0.1.RELEASE\spring-boot-starter-2.0.1.RELEASE.jar;E:\Maven\apache-maven-3.5.0-bin\apache-maven-3.5.0\repo\org\springframework\boot\spring-boot-starter-logging\2.0.1.RELEASE\spring-boot-starter-logging-2.0.1.RELEASE.jar;E:\Maven\apache-maven-3.5.0-bin\apache-maven-3.5.0\repo\ch\qos\logback\logback-classic\1.2.3\logback-classic-1.2.3.jar;E:\Maven\apache-maven-3.5.0-bin\apache-maven-3.5.0\repo\ch\qos\logback\logback-core\1.2.3\logback-core-1.2.3.jar;E:\Maven\apache-maven-3.5.0-bin\apache-maven-3.5.0\repo\org\apache\logging\log4j\log4j-to-slf4j\2.10.0\log4j-to-slf4j-2.10.0.jar;E:\Maven\apache-maven-3.5.0-bin\apache-maven-3.5.0\repo\org\apache\logging\log4j\log4j-api\2.10.0\log4j-api-2.10.0.jar;E:\Maven\apache-maven-3.5.0-bin\apache-maven-3.5.0\repo\org\slf4j\jul-to-slf4j\1.7.25\jul-to-slf4j-1.7.25.jar;E:\Maven\apache-maven-3.5.0-bin\apache-maven-3.5.0\repo\javax\annotation\javax.annotation-api\1.3.2\javax.annotation-api-1.3.2.jar;E:\Maven\apache-maven-3.5.0-bin\apache-maven-3.5.0\repo\org\springframework\spring-core\5.0.5.RELEASE\spring-core-5.0.5.RELEASE.jar;E:\Maven\apache-maven-3.5.0-bin\apache-maven-3.5.0\repo\org\springframework\spring-jcl\5.0.5.RELEASE\spring-jcl-5.0.5.RELEASE.jar;E:\Maven\apache-maven-3.5.0-bin\apache-maven-3.5.0\repo\org\yaml\snakeyaml\1.19\snakeyaml-1.19.jar;E:\Maven\apache-maven-3.5.0-bin\apache-maven-3.5.0\repo\org\springframework\boot\spring-boot-starter-json\2.0.1.RELEASE\spring-boot-starter-json-2.0.1.RELEASE.jar;E:\Maven\apache-maven-3.5.0-bin\apache-maven-3.5.0\repo\com\fasterxml\jackson\core\jackson-databind\2.9.5\jackson-databind-2.9.5.jar;E:\Maven\apache-maven-3.5.0-bin\apache-maven-3.5.0\repo\com\fasterxml\jackson\core\jackson-annotations\2.9.0\jackson-annotations-2.9.0.jar;E:\Maven\apache-maven-3.5.0-bin\apache-maven-3.5.0\repo\com\fasterxml\jackson\core\jackson-core\2.9.5\jackson-core-2.9.5.jar;E:\Maven\apache-maven-3.5.0-bin\apache-maven-3.5.0\repo\com\fasterxml\jackson\datatype\jackson-datatype-jdk8\2.9.5\jackson-datatype-jdk8-2.9.5.jar;E:\Maven\apache-maven-3.5.0-bin\apache-maven-3.5.0\repo\com\fasterxml\jackson\datatype\jackson-datatype-jsr310\2.9.5\jackson-datatype-jsr310-2.9.5.jar;E:\Maven\apache-maven-3.5.0-bin\apache-maven-3.5.0\repo\com\fasterxml\jackson\module\jackson-module-parameter-names\2.9.5\jackson-module-parameter-names-2.9.5.jar;E:\Maven\apache-maven-3.5.0-bin\apache-maven-3.5.0\repo\org\springframework\boot\spring-boot-starter-tomcat\2.0.1.RELEASE\spring-boot-starter-tomcat-2.0.1.RELEASE.jar;E:\Maven\apache-maven-3.5.0-bin\apache-maven-3.5.0\repo\org\apache\tomcat\embed\tomcat-embed-core\8.5.29\tomcat-embed-core-8.5.29.jar;E:\Maven\apache-maven-3.5.0-bin\apache-maven-3.5.0\repo\org\apache\tomcat\embed\tomcat-embed-el\8.5.29\tomcat-embed-el-8.5.29.jar;E:\Maven\apache-maven-3.5.0-bin\apache-maven-3.5.0\repo\org\apache\tomcat\embed\tomcat-embed-websocket\8.5.29\tomcat-embed-websocket-8.5.29.jar;E:\Maven\apache-maven-3.5.0-bin\apache-maven-3.5.0\repo\org\hibernate\validator\hibernate-validator\6.0.9.Final\hibernate-validator-6.0.9.Final.jar;E:\Maven\apache-maven-3.5.0-bin\apache-maven-3.5.0\repo\javax\validation\validation-api\2.0.1.Final\validation-api-2.0.1.Final.jar;E:\Maven\apache-maven-3.5.0-bin\apache-maven-3.5.0\repo\org\jboss\logging\jboss-logging\3.3.2.Final\jboss-logging-3.3.2.Final.jar;E:\Maven\apache-maven-3.5.0-bin\apache-maven-3.5.0\repo\com\fasterxml\classmate\1.3.4\classmate-1.3.4.jar;E:\Maven\apache-maven-3.5.0-bin\apache-maven-3.5.0\repo\org\springframework\spring-web\5.0.5.RELEASE\spring-web-5.0.5.RELEASE.jar;E:\Maven\apache-maven-3.5.0-bin\apache-maven-3.5.0\repo\org\springframework\spring-beans\5.0.5.RELEASE\spring-beans-5.0.5.RELEASE.jar;E:\Maven\apache-maven-3.5.0-bin\apache-maven-3.5.0\repo\org\springframework\spring-webmvc\5.0.5.RELEASE\spring-webmvc-5.0.5.RELEASE.jar;E:\Maven\apache-maven-3.5.0-bin\apache-maven-3.5.0\repo\org\springframework\spring-aop\5.0.5.RELEASE\spring-aop-5.0.5.RELEASE.jar;E:\Maven\apache-maven-3.5.0-bin\apache-maven-3.5.0\repo\org\springframework\spring-context\5.0.5.RELEASE\spring-context-5.0.5.RELEASE.jar;E:\Maven\apache-maven-3.5.0-bin\apache-maven-3.5.0\repo\org\springframework\spring-expression\5.0.5.RELEASE\spring-expression-5.0.5.RELEASE.jar;E:\Maven\apache-maven-3.5.0-bin\apache-maven-3.5.0\repo\org\springframework\boot\spring-boot-starter-thymeleaf\2.0.1.RELEASE\spring-boot-starter-thymeleaf-2.0.1.RELEASE.jar;E:\Maven\apache-maven-3.5.0-bin\apache-maven-3.5.0\repo\org\thymeleaf\thymeleaf-spring5\3.0.9.RELEASE\thymeleaf-spring5-3.0.9.RELEASE.jar;E:\Maven\apache-maven-3.5.0-bin\apache-maven-3.5.0\repo\org\thymeleaf\thymeleaf\3.0.9.RELEASE\thymeleaf-3.0.9.RELEASE.jar;E:\Maven\apache-maven-3.5.0-bin\apache-maven-3.5.0\repo\org\attoparser\attoparser\2.0.4.RELEASE\attoparser-2.0.4.RELEASE.jar;E:\Maven\apache-maven-3.5.0-bin\apache-maven-3.5.0\repo\org\unbescape\unbescape\1.1.5.RELEASE\unbescape-1.1.5.RELEASE.jar;E:\Maven\apache-maven-3.5.0-bin\apache-maven-3.5.0\repo\org\slf4j\slf4j-api\1.7.25\slf4j-api-1.7.25.jar;E:\Maven\apache-maven-3.5.0-bin\apache-maven-3.5.0\repo\org\thymeleaf\extras\thymeleaf-extras-java8time\3.0.1.RELEASE\thymeleaf-extras-java8time-3.0.1.RELEASE.jar;E:\Maven\apache-maven-3.5.0-bin\apache-maven-3.5.0\repo\org\mybatis\spring\boot\mybatis-spring-boot-starter\1.3.0\mybatis-spring-boot-starter-1.3.0.jar;E:\Maven\apache-maven-3.5.0-bin\apache-maven-3.5.0\repo\org\springframework\boot\spring-boot-starter-jdbc\2.0.1.RELEASE\spring-boot-starter-jdbc-2.0.1.RELEASE.jar;E:\Maven\apache-maven-3.5.0-bin\apache-maven-3.5.0\repo\com\zaxxer\HikariCP\2.7.8\HikariCP-2.7.8.jar;E:\Maven\apache-maven-3.5.0-bin\apache-maven-3.5.0\repo\org\springframework\spring-jdbc\5.0.5.RELEASE\spring-jdbc-5.0.5.RELEASE.jar;E:\Maven\apache-maven-3.5.0-bin\apache-maven-3.5.0\repo\org\springframework\spring-tx\5.0.5.RELEASE\spring-tx-5.0.5.RELEASE.jar;E:\Maven\apache-maven-3.5.0-bin\apache-maven-3.5.0\repo\org\mybatis\spring\boot\mybatis-spring-boot-autoconfigure\1.3.0\mybatis-spring-boot-autoconfigure-1.3.0.jar;E:\Maven\apache-maven-3.5.0-bin\apache-maven-3.5.0\repo\org\mybatis\mybatis\3.4.4\mybatis-3.4.4.jar;E:\Maven\apache-maven-3.5.0-bin\apache-maven-3.5.0\repo\org\mybatis\mybatis-spring\1.3.1\mybatis-spring-1.3.1.jar;E:\Maven\apache-maven-3.5.0-bin\apache-maven-3.5.0\repo\mysql\mysql-connector-java\5.1.46\mysql-connector-java-5.1.46.jar;E:\Maven\apache-maven-3.5.0-bin\apache-maven-3.5.0\repo\com\alibaba\fastjson\1.2.40\fastjson-1.2.40.jar;E:\Maven\apache-maven-3.5.0-bin\apache-maven-3.5.0\repo\org\springframework\boot\spring-boot-configuration-processor\2.0.1.RELEASE\spring-boot-configuration-processor-2.0.1.RELEASE.jar;E:\Maven\apache-maven-3.5.0-bin\apache-maven-3.5.0\repo\org\springframework\boot\spring-boot-devtools\2.0.1.RELEASE\spring-boot-devtools-2.0.1.RELEASE.jar;E:\Maven\apache-maven-3.5.0-bin\apache-maven-3.5.0\repo\org\springframework\boot\spring-boot\2.0.1.RELEASE\spring-boot-2.0.1.RELEASE.jar;E:\Maven\apache-maven-3.5.0-bin\apache-maven-3.5.0\repo\org\springframework\boot\spring-boot-autoconfigure\2.0.1.RELEASE\spring-boot-autoconfigure-2.0.1.RELEASE.jar;E:\Maven\apache-maven-3.5.0-bin\apache-maven-3.5.0\repo\junit\junit\3.8.1\junit-3.8.1.jar;"/>
    <property name="java.vm.vendor" value="Oracle Corporation"/>
    <property name="sun.arch.data.model" value="64"/>
    <property name="user.variant" value=""/>
    <property name="java.vendor.url" value="http://java.oracle.com/"/>
    <property name="user.timezone" value=""/>
    <property name="java.vm.specification.version" value="1.8"/>
    <property name="os.name" value="Windows 7"/>
    <property name="user.country" value="CN"/>
    <property name="sun.java.launcher" value="SUN_STANDARD"/>
    <property name="sun.boot.library.path" value="C:\Program Files\Java\jdk1.8.0_144\jre\bin"/>
    <property name="sun.java.command" value="C:\Users\105\AppData\Local\Temp\surefire9145321966197060123\surefirebooter323255522814231151.jar C:\Users\105\AppData\Local\Temp\surefire9145321966197060123 2019-04-01T12-04-18_555-jvmRun1 surefire682505597748142686tmp surefire_07040041194697738164tmp"/>
    <property name="surefire.test.class.path" value="F:\workspace\dmj_data\target\test-classes;F:\workspace\dmj_data\target\classes;E:\Maven\apache-maven-3.5.0-bin\apache-maven-3.5.0\repo\org\apache\httpcomponents\httpclient\4.5.5\httpclient-4.5.5.jar;E:\Maven\apache-maven-3.5.0-bin\apache-maven-3.5.0\repo\org\apache\httpcomponents\httpcore\4.4.9\httpcore-4.4.9.jar;E:\Maven\apache-maven-3.5.0-bin\apache-maven-3.5.0\repo\commons-codec\commons-codec\1.11\commons-codec-1.11.jar;E:\Maven\apache-maven-3.5.0-bin\apache-maven-3.5.0\repo\org\springframework\boot\spring-boot-starter-web\2.0.1.RELEASE\spring-boot-starter-web-2.0.1.RELEASE.jar;E:\Maven\apache-maven-3.5.0-bin\apache-maven-3.5.0\repo\org\springframework\boot\spring-boot-starter\2.0.1.RELEASE\spring-boot-starter-2.0.1.RELEASE.jar;E:\Maven\apache-maven-3.5.0-bin\apache-maven-3.5.0\repo\org\springframework\boot\spring-boot-starter-logging\2.0.1.RELEASE\spring-boot-starter-logging-2.0.1.RELEASE.jar;E:\Maven\apache-maven-3.5.0-bin\apache-maven-3.5.0\repo\ch\qos\logback\logback-classic\1.2.3\logback-classic-1.2.3.jar;E:\Maven\apache-maven-3.5.0-bin\apache-maven-3.5.0\repo\ch\qos\logback\logback-core\1.2.3\logback-core-1.2.3.jar;E:\Maven\apache-maven-3.5.0-bin\apache-maven-3.5.0\repo\org\apache\logging\log4j\log4j-to-slf4j\2.10.0\log4j-to-slf4j-2.10.0.jar;E:\Maven\apache-maven-3.5.0-bin\apache-maven-3.5.0\repo\org\apache\logging\log4j\log4j-api\2.10.0\log4j-api-2.10.0.jar;E:\Maven\apache-maven-3.5.0-bin\apache-maven-3.5.0\repo\org\slf4j\jul-to-slf4j\1.7.25\jul-to-slf4j-1.7.25.jar;E:\Maven\apache-maven-3.5.0-bin\apache-maven-3.5.0\repo\javax\annotation\javax.annotation-api\1.3.2\javax.annotation-api-1.3.2.jar;E:\Maven\apache-maven-3.5.0-bin\apache-maven-3.5.0\repo\org\springframework\spring-core\5.0.5.RELEASE\spring-core-5.0.5.RELEASE.jar;E:\Maven\apache-maven-3.5.0-bin\apache-maven-3.5.0\repo\org\springframework\spring-jcl\5.0.5.RELEASE\spring-jcl-5.0.5.RELEASE.jar;E:\Maven\apache-maven-3.5.0-bin\apache-maven-3.5.0\repo\org\yaml\snakeyaml\1.19\snakeyaml-1.19.jar;E:\Maven\apache-maven-3.5.0-bin\apache-maven-3.5.0\repo\org\springframework\boot\spring-boot-starter-json\2.0.1.RELEASE\spring-boot-starter-json-2.0.1.RELEASE.jar;E:\Maven\apache-maven-3.5.0-bin\apache-maven-3.5.0\repo\com\fasterxml\jackson\core\jackson-databind\2.9.5\jackson-databind-2.9.5.jar;E:\Maven\apache-maven-3.5.0-bin\apache-maven-3.5.0\repo\com\fasterxml\jackson\core\jackson-annotations\2.9.0\jackson-annotations-2.9.0.jar;E:\Maven\apache-maven-3.5.0-bin\apache-maven-3.5.0\repo\com\fasterxml\jackson\core\jackson-core\2.9.5\jackson-core-2.9.5.jar;E:\Maven\apache-maven-3.5.0-bin\apache-maven-3.5.0\repo\com\fasterxml\jackson\datatype\jackson-datatype-jdk8\2.9.5\jackson-datatype-jdk8-2.9.5.jar;E:\Maven\apache-maven-3.5.0-bin\apache-maven-3.5.0\repo\com\fasterxml\jackson\datatype\jackson-datatype-jsr310\2.9.5\jackson-datatype-jsr310-2.9.5.jar;E:\Maven\apache-maven-3.5.0-bin\apache-maven-3.5.0\repo\com\fasterxml\jackson\module\jackson-module-parameter-names\2.9.5\jackson-module-parameter-names-2.9.5.jar;E:\Maven\apache-maven-3.5.0-bin\apache-maven-3.5.0\repo\org\springframework\boot\spring-boot-starter-tomcat\2.0.1.RELEASE\spring-boot-starter-tomcat-2.0.1.RELEASE.jar;E:\Maven\apache-maven-3.5.0-bin\apache-maven-3.5.0\repo\org\apache\tomcat\embed\tomcat-embed-core\8.5.29\tomcat-embed-core-8.5.29.jar;E:\Maven\apache-maven-3.5.0-bin\apache-maven-3.5.0\repo\org\apache\tomcat\embed\tomcat-embed-el\8.5.29\tomcat-embed-el-8.5.29.jar;E:\Maven\apache-maven-3.5.0-bin\apache-maven-3.5.0\repo\org\apache\tomcat\embed\tomcat-embed-websocket\8.5.29\tomcat-embed-websocket-8.5.29.jar;E:\Maven\apache-maven-3.5.0-bin\apache-maven-3.5.0\repo\org\hibernate\validator\hibernate-validator\6.0.9.Final\hibernate-validator-6.0.9.Final.jar;E:\Maven\apache-maven-3.5.0-bin\apache-maven-3.5.0\repo\javax\validation\validation-api\2.0.1.Final\validation-api-2.0.1.Final.jar;E:\Maven\apache-maven-3.5.0-bin\apache-maven-3.5.0\repo\org\jboss\logging\jboss-logging\3.3.2.Final\jboss-logging-3.3.2.Final.jar;E:\Maven\apache-maven-3.5.0-bin\apache-maven-3.5.0\repo\com\fasterxml\classmate\1.3.4\classmate-1.3.4.jar;E:\Maven\apache-maven-3.5.0-bin\apache-maven-3.5.0\repo\org\springframework\spring-web\5.0.5.RELEASE\spring-web-5.0.5.RELEASE.jar;E:\Maven\apache-maven-3.5.0-bin\apache-maven-3.5.0\repo\org\springframework\spring-beans\5.0.5.RELEASE\spring-beans-5.0.5.RELEASE.jar;E:\Maven\apache-maven-3.5.0-bin\apache-maven-3.5.0\repo\org\springframework\spring-webmvc\5.0.5.RELEASE\spring-webmvc-5.0.5.RELEASE.jar;E:\Maven\apache-maven-3.5.0-bin\apache-maven-3.5.0\repo\org\springframework\spring-aop\5.0.5.RELEASE\spring-aop-5.0.5.RELEASE.jar;E:\Maven\apache-maven-3.5.0-bin\apache-maven-3.5.0\repo\org\springframework\spring-context\5.0.5.RELEASE\spring-context-5.0.5.RELEASE.jar;E:\Maven\apache-maven-3.5.0-bin\apache-maven-3.5.0\repo\org\springframework\spring-expression\5.0.5.RELEASE\spring-expression-5.0.5.RELEASE.jar;E:\Maven\apache-maven-3.5.0-bin\apache-maven-3.5.0\repo\org\springframework\boot\spring-boot-starter-thymeleaf\2.0.1.RELEASE\spring-boot-starter-thymeleaf-2.0.1.RELEASE.jar;E:\Maven\apache-maven-3.5.0-bin\apache-maven-3.5.0\repo\org\thymeleaf\thymeleaf-spring5\3.0.9.RELEASE\thymeleaf-spring5-3.0.9.RELEASE.jar;E:\Maven\apache-maven-3.5.0-bin\apache-maven-3.5.0\repo\org\thymeleaf\thymeleaf\3.0.9.RELEASE\thymeleaf-3.0.9.RELEASE.jar;E:\Maven\apache-maven-3.5.0-bin\apache-maven-3.5.0\repo\org\attoparser\attoparser\2.0.4.RELEASE\attoparser-2.0.4.RELEASE.jar;E:\Maven\apache-maven-3.5.0-bin\apache-maven-3.5.0\repo\org\unbescape\unbescape\1.1.5.RELEASE\unbescape-1.1.5.RELEASE.jar;E:\Maven\apache-maven-3.5.0-bin\apache-maven-3.5.0\repo\org\slf4j\slf4j-api\1.7.25\slf4j-api-1.7.25.jar;E:\Maven\apache-maven-3.5.0-bin\apache-maven-3.5.0\repo\org\thymeleaf\extras\thymeleaf-extras-java8time\3.0.1.RELEASE\thymeleaf-extras-java8time-3.0.1.RELEASE.jar;E:\Maven\apache-maven-3.5.0-bin\apache-maven-3.5.0\repo\org\mybatis\spring\boot\mybatis-spring-boot-starter\1.3.0\mybatis-spring-boot-starter-1.3.0.jar;E:\Maven\apache-maven-3.5.0-bin\apache-maven-3.5.0\repo\org\springframework\boot\spring-boot-starter-jdbc\2.0.1.RELEASE\spring-boot-starter-jdbc-2.0.1.RELEASE.jar;E:\Maven\apache-maven-3.5.0-bin\apache-maven-3.5.0\repo\com\zaxxer\HikariCP\2.7.8\HikariCP-2.7.8.jar;E:\Maven\apache-maven-3.5.0-bin\apache-maven-3.5.0\repo\org\springframework\spring-jdbc\5.0.5.RELEASE\spring-jdbc-5.0.5.RELEASE.jar;E:\Maven\apache-maven-3.5.0-bin\apache-maven-3.5.0\repo\org\springframework\spring-tx\5.0.5.RELEASE\spring-tx-5.0.5.RELEASE.jar;E:\Maven\apache-maven-3.5.0-bin\apache-maven-3.5.0\repo\org\mybatis\spring\boot\mybatis-spring-boot-autoconfigure\1.3.0\mybatis-spring-boot-autoconfigure-1.3.0.jar;E:\Maven\apache-maven-3.5.0-bin\apache-maven-3.5.0\repo\org\mybatis\mybatis\3.4.4\mybatis-3.4.4.jar;E:\Maven\apache-maven-3.5.0-bin\apache-maven-3.5.0\repo\org\mybatis\mybatis-spring\1.3.1\mybatis-spring-1.3.1.jar;E:\Maven\apache-maven-3.5.0-bin\apache-maven-3.5.0\repo\mysql\mysql-connector-java\5.1.46\mysql-connector-java-5.1.46.jar;E:\Maven\apache-maven-3.5.0-bin\apache-maven-3.5.0\repo\com\alibaba\fastjson\1.2.40\fastjson-1.2.40.jar;E:\Maven\apache-maven-3.5.0-bin\apache-maven-3.5.0\repo\org\springframework\boot\spring-boot-configuration-processor\2.0.1.RELEASE\spring-boot-configuration-processor-2.0.1.RELEASE.jar;E:\Maven\apache-maven-3.5.0-bin\apache-maven-3.5.0\repo\org\springframework\boot\spring-boot-devtools\2.0.1.RELEASE\spring-boot-devtools-2.0.1.RELEASE.jar;E:\Maven\apache-maven-3.5.0-bin\apache-maven-3.5.0\repo\org\springframework\boot\spring-boot\2.0.1.RELEASE\spring-boot-2.0.1.RELEASE.jar;E:\Maven\apache-maven-3.5.0-bin\apache-maven-3.5.0\repo\org\springframework\boot\spring-boot-autoconfigure\2.0.1.RELEASE\spring-boot-autoconfigure-2.0.1.RELEASE.jar;E:\Maven\apache-maven-3.5.0-bin\apache-maven-3.5.0\repo\junit\junit\3.8.1\junit-3.8.1.jar;"/>
    <property name="sun.cpu.endian" value="little"/>
    <property name="user.home" value="C:\Users\105"/>
    <property name="user.language" value="zh"/>
    <property name="java.specification.vendor" value="Oracle Corporation"/>
    <property name="java.home" value="C:\Program Files\Java\jdk1.8.0_144\jre"/>
    <property name="basedir" value="F:\workspace\dmj_data"/>
    <property name="file.separator" value="\"/>
    <property name="line.separator" value="&#10;"/>
    <property name="java.vm.specification.vendor" value="Oracle Corporation"/>
    <property name="java.specification.name" value="Java Platform API Specification"/>
    <property name="java.awt.graphicsenv" value="sun.awt.Win32GraphicsEnvironment"/>
    <property name="surefire.real.class.path" value="C:\Users\105\AppData\Local\Temp\surefire9145321966197060123\surefirebooter323255522814231151.jar"/>
    <property name="sun.boot.class.path" value="C:\Program Files\Java\jdk1.8.0_144\jre\lib\resources.jar;C:\Program Files\Java\jdk1.8.0_144\jre\lib\rt.jar;C:\Program Files\Java\jdk1.8.0_144\jre\lib\sunrsasign.jar;C:\Program Files\Java\jdk1.8.0_144\jre\lib\jsse.jar;C:\Program Files\Java\jdk1.8.0_144\jre\lib\jce.jar;C:\Program Files\Java\jdk1.8.0_144\jre\lib\charsets.jar;C:\Program Files\Java\jdk1.8.0_144\jre\lib\jfr.jar;C:\Program Files\Java\jdk1.8.0_144\jre\classes"/>
    <property name="user.script" value=""/>
    <property name="sun.management.compiler" value="HotSpot 64-Bit Tiered Compilers"/>
    <property name="java.runtime.version" value="1.8.0_144-b01"/>
    <property name="user.name" value="105"/>
    <property name="path.separator" value=";"/>
    <property name="os.version" value="6.1"/>
    <property name="java.endorsed.dirs" value="C:\Program Files\Java\jdk1.8.0_144\jre\lib\endorsed"/>
    <property name="java.runtime.name" value="Java(TM) SE Runtime Environment"/>
    <property name="file.encoding" value="GBK"/>
    <property name="java.vm.name" value="Java HotSpot(TM) 64-Bit Server VM"/>
    <property name="localRepository" value="E:\Maven\apache-maven-3.5.0-bin\apache-maven-3.5.0\repo"/>
    <property name="java.vendor.url.bug" value="http://bugreport.sun.com/bugreport/"/>
    <property name="java.io.tmpdir" value="C:\Users\105\AppData\Local\Temp\"/>
    <property name="java.version" value="1.8.0_144"/>
    <property name="user.dir" value="F:\workspace\dmj_data"/>
    <property name="os.arch" value="amd64"/>
    <property name="java.vm.specification.name" value="Java Virtual Machine Specification"/>
    <property name="java.awt.printerjob" value="sun.awt.windows.WPrinterJob"/>
    <property name="sun.os.patch.level" value="Service Pack 1"/>
    <property name="java.library.path" value="C:\Program Files\Java\jdk1.8.0_144\jre\bin;C:\Windows\Sun\Java\bin;C:\Windows\system32;C:\Windows;F:/jdk/bin/server;F:/jdk/bin;F:/jdk/lib/amd64;C:\Program Files (x86)\Common Files\Oracle\Java\javapath;C:\ProgramData\Oracle\Java\javapath;C:\Windows\system32;C:\Windows;C:\Windows\System32\Wbem;C:\Windows\System32\WindowsPowerShell\v1.0\;C:\Program Files\TortoiseSVN\bin;%m2_home%\bin;C:\Program Files\Git\cmd;D:\phpStudy\PHPTutorial\php\php-7.2.1-nts;C:\ProgramData\ComposerSetup\bin;C:\Program Files\Java\jdk1.7.0_79\bin;E:\Maven\apache-maven-3.5.0-bin\apache-maven-3.5.0\bin;C:\Program Files\OpenVPN\bin;C:\Users\105\AppData\Roaming\Composer\vendor\bin;E:\eclipse-jee-neon-3-win32-x86_64\eclipse;;."/>
    <property name="java.vm.info" value="mixed mode"/>
    <property name="java.vendor" value="Oracle Corporation"/>
    <property name="java.vm.version" value="25.144-b01"/>
    <property name="java.ext.dirs" value="C:\Program Files\Java\jdk1.8.0_144\jre\lib\ext;C:\Windows\Sun\Java\lib\ext"/>
    <property name="sun.io.unicode.encoding" value="UnicodeLittle"/>
    <property name="java.class.version" value="52.0"/>
  </properties>
  <testcase name="testApp" classname="com.infinite.dmj_data.AppTest" time="0"/>
</testsuite>